[2025-06-21 13:44:20] POLAP: v0.4.3.8-5e147d8
[2025-06-21 13:44:20] CMD: ./src/polaplib/../polap.sh mafft-mtdna -a input/ptdna-reference.fa -b input/pt.subsample-polishing.reference.aligned.1.fa -o output/mafft1
[2025-06-21 13:44:20] _arg_accession=
[2025-06-21 13:44:20] _arg_all_annotate=off
[2025-06-21 13:44:20] _arg_anotherdir=o
[2025-06-21 13:44:20] _arg_archive=output/mafft1-a
[2025-06-21 13:44:20] _arg_archive_is=off
[2025-06-21 13:44:20] _arg_bioproject=
[2025-06-21 13:44:20] _arg_bridge_min=0
[2025-06-21 13:44:20] _arg_bridge_same_strand=off
[2025-06-21 13:44:20] _arg_circularize=off
[2025-06-21 13:44:20] _arg_clock=off
[2025-06-21 13:44:20] _arg_contigger=on
[2025-06-21 13:44:20] _arg_coverage=50
[2025-06-21 13:44:20] _arg_coverage_check=on
[2025-06-21 13:44:20] _arg_coverage_oga=50
[2025-06-21 13:44:20] _arg_debug=off
[2025-06-21 13:44:20] _arg_directional=off
[2025-06-21 13:44:20] _arg_directional_a=1
[2025-06-21 13:44:20] _arg_directional_i=1
[2025-06-21 13:44:20] _arg_disassemble_a=10000000
[2025-06-21 13:44:20] _arg_disassemble_align_reference=off
[2025-06-21 13:44:20] _arg_disassemble_alpha=1.0
[2025-06-21 13:44:20] _arg_disassemble_b=1000000000
[2025-06-21 13:44:20] _arg_disassemble_b_is=off
[2025-06-21 13:44:20] _arg_disassemble_beta=
[2025-06-21 13:44:20] _arg_disassemble_c=
[2025-06-21 13:44:20] _arg_disassemble_c_is=off
[2025-06-21 13:44:20] _arg_disassemble_delta=0.75
[2025-06-21 13:44:20] _arg_disassemble_i=1
[2025-06-21 13:44:20] _arg_disassemble_j=1
[2025-06-21 13:44:20] _arg_disassemble_l=10
[2025-06-21 13:44:20] _arg_disassemble_m=500000
[2025-06-21 13:44:20] _arg_disassemble_memory=16
[2025-06-21 13:44:20] _arg_disassemble_n=10
[2025-06-21 13:44:20] _arg_disassemble_n_is=off
[2025-06-21 13:44:20] _arg_disassemble_p=5
[2025-06-21 13:44:20] _arg_disassemble_p_is=off
[2025-06-21 13:44:20] _arg_disassemble_q=5
[2025-06-21 13:44:20] _arg_disassemble_q_is=off
[2025-06-21 13:44:20] _arg_disassemble_r=5
[2025-06-21 13:44:20] _arg_disassemble_s=
[2025-06-21 13:44:20] _arg_disassemble_s_max=
[2025-06-21 13:44:20] _arg_disassemble_simple_polishing=off
[2025-06-21 13:44:20] _arg_disassemble_stop_after=
[2025-06-21 13:44:20] _arg_dissemble_a=1
[2025-06-21 13:44:20] _arg_downsample=10
[2025-06-21 13:44:20] _arg_dry=off
[2025-06-21 13:44:20] _arg_end_index=0
[2025-06-21 13:44:20] _arg_final_assembly=mt.1.fa
[2025-06-21 13:44:20] _arg_flye=on
[2025-06-21 13:44:20] _arg_flye_asm_coverage=30
[2025-06-21 13:44:20] _arg_flye_data_type=--nano-raw
[2025-06-21 13:44:20] _arg_genomesize=
[2025-06-21 13:44:20] _arg_genomesize_a=200000
[2025-06-21 13:44:20] _arg_genomesize_b=300000
[2025-06-21 13:44:20] _arg_genomesize_b_is=off
[2025-06-21 13:44:20] _arg_genomesize_n=3
[2025-06-21 13:44:20] _arg_help=off
[2025-06-21 13:44:20] _arg_inum=0
[2025-06-21 13:44:20] _arg_jellyfish_s=5G
[2025-06-21 13:44:20] _arg_jellyfish_s_is=off
[2025-06-21 13:44:20] _arg_jnum=1
[2025-06-21 13:44:20] _arg_knum=1
[2025-06-21 13:44:20] _arg_log=polap.log
[2025-06-21 13:44:20] _arg_log_is=off
[2025-06-21 13:44:20] _arg_log_stderr=off
[2025-06-21 13:44:20] _arg_logdir=output/mafft1/log
[2025-06-21 13:44:20] _arg_long_reads=l.fq
[2025-06-21 13:44:20] _arg_long_reads_is=off
[2025-06-21 13:44:20] _arg_markdown=off
[2025-06-21 13:44:20] _arg_max_filesize=5M
[2025-06-21 13:44:20] _arg_max_seeds=35
[2025-06-21 13:44:20] _arg_menu=mafft-mtdna
[2025-06-21 13:44:20] _arg_min_read_length=3000
[2025-06-21 13:44:20] _arg_minimap2_data_type=map-ont
[2025-06-21 13:44:20] _arg_outdir=output/mafft1
[2025-06-21 13:44:20] _arg_outfile=o.tsv
[2025-06-21 13:44:20] _arg_pair_min=3000
[2025-06-21 13:44:20] _arg_plastid=off
[2025-06-21 13:44:20] _arg_polap_reads=off
[2025-06-21 13:44:20] _arg_polish=off
[2025-06-21 13:44:20] _arg_query=
[2025-06-21 13:44:20] _arg_random_seed=19161
[2025-06-21 13:44:20] _arg_redo=off
[2025-06-21 13:44:20] _arg_reduction_reads=on
[2025-06-21 13:44:20] _arg_report_x=5000,7000,9000,11000,13000,15000,17000
[2025-06-21 13:44:20] _arg_report_x_is=off
[2025-06-21 13:44:20] _arg_resume=off
[2025-06-21 13:44:20] _arg_select_contig=1
[2025-06-21 13:44:20] _arg_select_contig_numbers=1
[2025-06-21 13:44:20] _arg_select_read_range=3000,3000,1
[2025-06-21 13:44:20] _arg_select_read_range_is=off
[2025-06-21 13:44:20] _arg_short_read1=input/ptdna-reference.fa
[2025-06-21 13:44:20] _arg_short_read1_is=on
[2025-06-21 13:44:20] _arg_short_read2=input/pt.subsample-polishing.reference.aligned.1.fa
[2025-06-21 13:44:20] _arg_short_read2_is=on
[2025-06-21 13:44:20] _arg_single_min=3000
[2025-06-21 13:44:20] _arg_species=
[2025-06-21 13:44:20] _arg_sra=
[2025-06-21 13:44:20] _arg_stages_exclude=
[2025-06-21 13:44:20] _arg_stages_include=
[2025-06-21 13:44:20] _arg_stages_is=off
[2025-06-21 13:44:20] _arg_start_index=0
[2025-06-21 13:44:20] _arg_steps_exclude=
[2025-06-21 13:44:20] _arg_steps_include=
[2025-06-21 13:44:20] _arg_steps_is=off
[2025-06-21 13:44:20] _arg_stopafter=off
[2025-06-21 13:44:20] _arg_subject=
[2025-06-21 13:44:20] _arg_table_format=tsv
[2025-06-21 13:44:20] _arg_taxonomy_genes=atp1
[2025-06-21 13:44:20] _arg_taxonomy_ingroup_size=10
[2025-06-21 13:44:20] _arg_taxonomy_min_aa=20
[2025-06-21 13:44:20] _arg_taxonomy_outgroup_size=1
[2025-06-21 13:44:20] _arg_taxonomy_rank_allgroup=order
[2025-06-21 13:44:20] _arg_taxonomy_rank_ingroup=family
[2025-06-21 13:44:20] _arg_taxonomy_rank_ingroup_sample=genus
[2025-06-21 13:44:20] _arg_taxonomy_rank_outgroup_sample=family
[2025-06-21 13:44:20] _arg_taxonomy_references=
[2025-06-21 13:44:20] _arg_taxonomy_sample_size_per_rank=1
[2025-06-21 13:44:20] _arg_template=/home/goshng/all/polap/cflye1/p1-test/src/polaplib/polap-template-cflye-archive-files.txt
[2025-06-21 13:44:20] _arg_test=off
[2025-06-21 13:44:20] _arg_threads=56
[2025-06-21 13:44:20] _arg_threads_fmlrc=4
[2025-06-21 13:44:20] _arg_timing=off
[2025-06-21 13:44:20] _arg_unpolished_fasta=mt.0.fasta
[2025-06-21 13:44:20] _arg_verbose=1
[2025-06-21 13:44:20] _arg_yes=off
[2025-06-21 13:44:20] 
[2025-06-21 13:44:20] Function start: mafft-mtdna
[2025-06-21 13:44:20] command: mafft --auto output/mafft1/in.fa >output/mafft1/out.mafft 2>/dev/null
[2025-06-21 13:44:27] command: Rscript --vanilla /home/goshng/all/polap/cflye1/p1-test/src/polaplib/polap-r-mafft.R --input output/mafft1/out.mafft --out output/mafft1/out.txt 2>/dev/null
[2025-06-21 13:44:30] Function end: mafft-mtdna
[2025-06-21 13:44:30] Menu mafft-mtdna has been finished.
[2025-06-21 13:44:30] Time at thorne: 0hrs 0min 10sec - ./src/polaplib/../polap.sh mafft-mtdna -a input/ptdna-reference.fa -b input/pt.subsample-polishing.reference.aligned.1.fa -o output/mafft1
[2025-06-21 13:47:58] POLAP: v0.4.3.8-5e147d8
[2025-06-21 13:47:58] CMD: ./src/polaplib/../polap.sh mafft-mtdna -a input/ptdna-reference.fa -b input/pt.subsample-polishing.reference.aligned.1.fa -o output/mafft1
[2025-06-21 13:47:58] _arg_accession=
[2025-06-21 13:47:58] _arg_all_annotate=off
[2025-06-21 13:47:58] _arg_anotherdir=o
[2025-06-21 13:47:58] _arg_archive=output/mafft1-a
[2025-06-21 13:47:58] _arg_archive_is=off
[2025-06-21 13:47:58] _arg_bioproject=
[2025-06-21 13:47:58] _arg_bridge_min=0
[2025-06-21 13:47:58] _arg_bridge_same_strand=off
[2025-06-21 13:47:58] _arg_circularize=off
[2025-06-21 13:47:58] _arg_clock=off
[2025-06-21 13:47:58] _arg_contigger=on
[2025-06-21 13:47:58] _arg_coverage=50
[2025-06-21 13:47:58] _arg_coverage_check=on
[2025-06-21 13:47:58] _arg_coverage_oga=50
[2025-06-21 13:47:58] _arg_debug=off
[2025-06-21 13:47:58] _arg_directional=off
[2025-06-21 13:47:58] _arg_directional_a=1
[2025-06-21 13:47:58] _arg_directional_i=1
[2025-06-21 13:47:58] _arg_disassemble_a=10000000
[2025-06-21 13:47:58] _arg_disassemble_align_reference=off
[2025-06-21 13:47:58] _arg_disassemble_alpha=1.0
[2025-06-21 13:47:58] _arg_disassemble_b=1000000000
[2025-06-21 13:47:58] _arg_disassemble_b_is=off
[2025-06-21 13:47:58] _arg_disassemble_beta=
[2025-06-21 13:47:58] _arg_disassemble_c=
[2025-06-21 13:47:58] _arg_disassemble_c_is=off
[2025-06-21 13:47:58] _arg_disassemble_delta=0.75
[2025-06-21 13:47:58] _arg_disassemble_i=1
[2025-06-21 13:47:58] _arg_disassemble_j=1
[2025-06-21 13:47:58] _arg_disassemble_l=10
[2025-06-21 13:47:58] _arg_disassemble_m=500000
[2025-06-21 13:47:58] _arg_disassemble_memory=16
[2025-06-21 13:47:58] _arg_disassemble_n=10
[2025-06-21 13:47:58] _arg_disassemble_n_is=off
[2025-06-21 13:47:58] _arg_disassemble_p=5
[2025-06-21 13:47:58] _arg_disassemble_p_is=off
[2025-06-21 13:47:58] _arg_disassemble_q=5
[2025-06-21 13:47:58] _arg_disassemble_q_is=off
[2025-06-21 13:47:58] _arg_disassemble_r=5
[2025-06-21 13:47:58] _arg_disassemble_s=
[2025-06-21 13:47:58] _arg_disassemble_s_max=
[2025-06-21 13:47:58] _arg_disassemble_simple_polishing=off
[2025-06-21 13:47:58] _arg_disassemble_stop_after=
[2025-06-21 13:47:58] _arg_dissemble_a=1
[2025-06-21 13:47:58] _arg_downsample=10
[2025-06-21 13:47:58] _arg_dry=off
[2025-06-21 13:47:58] _arg_end_index=0
[2025-06-21 13:47:58] _arg_final_assembly=mt.1.fa
[2025-06-21 13:47:58] _arg_flye=on
[2025-06-21 13:47:58] _arg_flye_asm_coverage=30
[2025-06-21 13:47:58] _arg_flye_data_type=--nano-raw
[2025-06-21 13:47:58] _arg_genomesize=
[2025-06-21 13:47:58] _arg_genomesize_a=200000
[2025-06-21 13:47:58] _arg_genomesize_b=300000
[2025-06-21 13:47:58] _arg_genomesize_b_is=off
[2025-06-21 13:47:58] _arg_genomesize_n=3
[2025-06-21 13:47:58] _arg_help=off
[2025-06-21 13:47:58] _arg_inum=0
[2025-06-21 13:47:58] _arg_jellyfish_s=5G
[2025-06-21 13:47:58] _arg_jellyfish_s_is=off
[2025-06-21 13:47:58] _arg_jnum=1
[2025-06-21 13:47:58] _arg_knum=1
[2025-06-21 13:47:58] _arg_log=polap.log
[2025-06-21 13:47:58] _arg_log_is=off
[2025-06-21 13:47:58] _arg_log_stderr=off
[2025-06-21 13:47:58] _arg_logdir=output/mafft1/log
[2025-06-21 13:47:58] _arg_long_reads=l.fq
[2025-06-21 13:47:58] _arg_long_reads_is=off
[2025-06-21 13:47:58] _arg_markdown=off
[2025-06-21 13:47:58] _arg_max_filesize=5M
[2025-06-21 13:47:58] _arg_max_seeds=35
[2025-06-21 13:47:58] _arg_menu=mafft-mtdna
[2025-06-21 13:47:58] _arg_min_read_length=3000
[2025-06-21 13:47:58] _arg_minimap2_data_type=map-ont
[2025-06-21 13:47:58] _arg_outdir=output/mafft1
[2025-06-21 13:47:58] _arg_outfile=o.tsv
[2025-06-21 13:47:58] _arg_pair_min=3000
[2025-06-21 13:47:58] _arg_plastid=off
[2025-06-21 13:47:58] _arg_polap_reads=off
[2025-06-21 13:47:58] _arg_polish=off
[2025-06-21 13:47:58] _arg_query=
[2025-06-21 13:47:58] _arg_random_seed=14968
[2025-06-21 13:47:58] _arg_redo=off
[2025-06-21 13:47:58] _arg_reduction_reads=on
[2025-06-21 13:47:58] _arg_report_x=5000,7000,9000,11000,13000,15000,17000
[2025-06-21 13:47:58] _arg_report_x_is=off
[2025-06-21 13:47:58] _arg_resume=off
[2025-06-21 13:47:58] _arg_select_contig=1
[2025-06-21 13:47:58] _arg_select_contig_numbers=1
[2025-06-21 13:47:58] _arg_select_read_range=3000,3000,1
[2025-06-21 13:47:58] _arg_select_read_range_is=off
[2025-06-21 13:47:58] _arg_short_read1=input/ptdna-reference.fa
[2025-06-21 13:47:58] _arg_short_read1_is=on
[2025-06-21 13:47:58] _arg_short_read2=input/pt.subsample-polishing.reference.aligned.1.fa
[2025-06-21 13:47:58] _arg_short_read2_is=on
[2025-06-21 13:47:58] _arg_single_min=3000
[2025-06-21 13:47:58] _arg_species=
[2025-06-21 13:47:58] _arg_sra=
[2025-06-21 13:47:58] _arg_stages_exclude=
[2025-06-21 13:47:58] _arg_stages_include=
[2025-06-21 13:47:59] _arg_stages_is=off
[2025-06-21 13:47:59] _arg_start_index=0
[2025-06-21 13:47:59] _arg_steps_exclude=
[2025-06-21 13:47:59] _arg_steps_include=
[2025-06-21 13:47:59] _arg_steps_is=off
[2025-06-21 13:47:59] _arg_stopafter=off
[2025-06-21 13:47:59] _arg_subject=
[2025-06-21 13:47:59] _arg_table_format=tsv
[2025-06-21 13:47:59] _arg_taxonomy_genes=atp1
[2025-06-21 13:47:59] _arg_taxonomy_ingroup_size=10
[2025-06-21 13:47:59] _arg_taxonomy_min_aa=20
[2025-06-21 13:47:59] _arg_taxonomy_outgroup_size=1
[2025-06-21 13:47:59] _arg_taxonomy_rank_allgroup=order
[2025-06-21 13:47:59] _arg_taxonomy_rank_ingroup=family
[2025-06-21 13:47:59] _arg_taxonomy_rank_ingroup_sample=genus
[2025-06-21 13:47:59] _arg_taxonomy_rank_outgroup_sample=family
[2025-06-21 13:47:59] _arg_taxonomy_references=
[2025-06-21 13:47:59] _arg_taxonomy_sample_size_per_rank=1
[2025-06-21 13:47:59] _arg_template=/home/goshng/all/polap/cflye1/p1-test/src/polaplib/polap-template-cflye-archive-files.txt
[2025-06-21 13:47:59] _arg_test=off
[2025-06-21 13:47:59] _arg_threads=56
[2025-06-21 13:47:59] _arg_threads_fmlrc=4
[2025-06-21 13:47:59] _arg_timing=off
[2025-06-21 13:47:59] _arg_unpolished_fasta=mt.0.fasta
[2025-06-21 13:47:59] _arg_verbose=1
[2025-06-21 13:47:59] _arg_yes=off
[2025-06-21 13:47:59] 
[2025-06-21 13:47:59] Function start: mafft-mtdna
[2025-06-21 13:47:59] command: mafft --auto output/mafft1/in.fa >output/mafft1/out.mafft 2>/dev/null
[2025-06-21 13:48:05] command: Rscript --vanilla /home/goshng/all/polap/cflye1/p1-test/src/polaplib/polap-r-mafft.R --input output/mafft1/out.mafft --out output/mafft1/out.txt 2>/dev/null
[2025-06-21 13:48:09] Function end: mafft-mtdna
[2025-06-21 13:48:09] Menu mafft-mtdna has been finished.
[2025-06-21 13:48:09] Time at thorne: 0hrs 0min 11sec - ./src/polaplib/../polap.sh mafft-mtdna -a input/ptdna-reference.fa -b input/pt.subsample-polishing.reference.aligned.1.fa -o output/mafft1
